 * Serving Flask app 'app'
 * Debug mode: on
[31m[1mWARNING: This is a development server. Do not use it in a production deployment. Use a production WSGI server instead.[0m
 * Running on all addresses (0.0.0.0)
 * Running on http://127.0.0.1:5001
 * Running on http://10.154.21.242:5001
[33mPress CTRL+C to quit[0m
 * Restarting with stat
 * Debugger is active!
 * Debugger PIN: 151-365-366
127.0.0.1 - - [15/Nov/2025 11:47:58] "GET /health HTTP/1.1" 200 -
127.0.0.1 - - [15/Nov/2025 11:48:21] "POST /api/v1/evaluate HTTP/1.1" 200 -
127.0.0.1 - - [15/Nov/2025 11:48:40] "POST /api/v1/evaluate HTTP/1.1" 200 -
127.0.0.1 - - [15/Nov/2025 11:50:15] "POST /api/v1/evaluate HTTP/1.1" 200 -
127.0.0.1 - - [15/Nov/2025 11:52:47] "POST /api/v1/evaluate HTTP/1.1" 200 -
127.0.0.1 - - [15/Nov/2025 11:55:24] "POST /api/v1/evaluate HTTP/1.1" 200 -
127.0.0.1 - - [15/Nov/2025 11:57:10] "GET /health HTTP/1.1" 200 -
 * Detected change in '/Users/w3joe/Documents/projects/anubis/apps/backend/app.py', reloading
 * Restarting with stat
 * Debugger is active!
 * Debugger PIN: 151-365-366
 * Detected change in '/Users/w3joe/Documents/projects/anubis/apps/backend/app.py', reloading
 * Restarting with stat
 * Debugger is active!
 * Debugger PIN: 151-365-366
 * Detected change in '/Users/w3joe/Documents/projects/anubis/apps/backend/app.py', reloading
 * Restarting with stat
 * Debugger is active!
 * Debugger PIN: 151-365-366
127.0.0.1 - - [15/Nov/2025 12:05:32] "GET /health HTTP/1.1" 200 -
127.0.0.1 - - [15/Nov/2025 12:05:52] "OPTIONS /api/v1/evaluate HTTP/1.1" 200 -
127.0.0.1 - - [15/Nov/2025 12:11:00] "GET / HTTP/1.1" 200 -
 * Detected change in '/Users/w3joe/Documents/projects/anubis/apps/backend/app.py', reloading
 * Restarting with stat
 * Debugger is active!
 * Debugger PIN: 151-365-366
 * Detected change in '/Users/w3joe/Documents/projects/anubis/apps/backend/anubis/code_evaluator.py', reloading
 * Restarting with stat
 * Debugger is active!
 * Debugger PIN: 151-365-366
 * Detected change in '/Users/w3joe/Documents/projects/anubis/apps/backend/anubis/code_generator.py', reloading
 * Restarting with stat
 * Debugger is active!
 * Debugger PIN: 151-365-366
 * Detected change in '/Users/w3joe/Documents/projects/anubis/apps/backend/anubis/code_generator.py', reloading
 * Restarting with stat
 * Debugger is active!
 * Debugger PIN: 151-365-366
 * Detected change in '/Users/w3joe/Documents/projects/anubis/apps/backend/anubis/output_formatter.py', reloading
 * Restarting with stat
 * Debugger is active!
 * Debugger PIN: 151-365-366
 * Detected change in '/Users/w3joe/Documents/projects/anubis/apps/backend/anubis/code_evaluator.py', reloading
 * Restarting with stat
 * Debugger is active!
 * Debugger PIN: 151-365-366
 * Detected change in '/Users/w3joe/Documents/projects/anubis/apps/backend/anubis/code_evaluator.py', reloading
 * Restarting with stat
 * Debugger is active!
 * Debugger PIN: 151-365-366
 * Detected change in '/Users/w3joe/Documents/projects/anubis/apps/backend/anubis/code_evaluator.py', reloading
 * Restarting with stat
 * Debugger is active!
 * Debugger PIN: 151-365-366
 * Detected change in '/Users/w3joe/Documents/projects/anubis/apps/backend/anubis/code_evaluator.py', reloading
 * Restarting with stat
 * Debugger is active!
 * Debugger PIN: 151-365-366
 * Detected change in '/Users/w3joe/Documents/projects/anubis/apps/backend/anubis/output_formatter.py', reloading
 * Restarting with stat
 * Debugger is active!
 * Debugger PIN: 151-365-366
